Using pre-set license
Built from '2020.3/staging' branch; Version is '2020.3.3f1 (76626098c1c4) revision 7758432'; Using compiler version '192528614'; Build Type 'Release'
OS: 'Windows 10 Enterprise 2016 LTSB; OS build 14393.4350; Version 1607; 64bit' Language: 'ru' Physical Memory: 16365 MB
BatchMode: 1, IsHumanControllingUs: 0, StartBugReporterOnCrash: 0, Is64bit: 1, IsPro: 0

 COMMAND LINE ARGUMENTS:
C:\Program Files\Unity\Hub\Editor\2020.3.3f1\Editor\Unity.exe
-adb2
-batchMode
-noUpm
-name
AssetImportWorker0
-projectPath
P:/Unity_Asset/ijunior_baseLevel/07_2D_Platformer_v2/07_2D_Platformer_v2
-logFile
Logs/AssetImportWorker0.log
-srvPort
50635
Successfully changed project path to: P:/Unity_Asset/ijunior_baseLevel/07_2D_Platformer_v2/07_2D_Platformer_v2
P:/Unity_Asset/ijunior_baseLevel/07_2D_Platformer_v2/07_2D_Platformer_v2
Using Asset Import Pipeline V2.
Refreshing native plugins compatible for Editor in 57.49 ms, found 1 plugins.
Preloading 0 native plugins for Editor in 0.00 ms.
Initialize engine version: 2020.3.3f1 (76626098c1c4)
[Subsystems] Discovering subsystems at path C:/Program Files/Unity/Hub/Editor/2020.3.3f1/Editor/Data/Resources/UnitySubsystems
[Subsystems] Discovering subsystems at path P:/Unity_Asset/ijunior_baseLevel/07_2D_Platformer_v2/07_2D_Platformer_v2/Assets
GfxDevice: creating device client; threaded=0
Direct3D:
    Version:  Direct3D 11.0 [level 11.1]
    Renderer: NVIDIA GeForce GTX 1070 (ID=0x1b81)
    Vendor:   
    VRAM:     8092 MB
    Driver:   27.21.14.6192
Initialize mono
Mono path[0] = 'C:/Program Files/Unity/Hub/Editor/2020.3.3f1/Editor/Data/Managed'
Mono path[1] = 'C:/Program Files/Unity/Hub/Editor/2020.3.3f1/Editor/Data/MonoBleedingEdge/lib/mono/unityjit'
Mono config path = 'C:/Program Files/Unity/Hub/Editor/2020.3.3f1/Editor/Data/MonoBleedingEdge/etc'
Using monoOptions --debugger-agent=transport=dt_socket,embedding=1,server=y,suspend=n,address=127.0.0.1:56328
Begin MonoManager ReloadAssembly
Registering precompiled unity dll's ...
Register platform support module: C:/Program Files/Unity/Hub/Editor/2020.3.3f1/Editor/Data/PlaybackEngines/WebGLSupport/UnityEditor.WebGL.Extensions.dll
Register platform support module: C:/Program Files/Unity/Hub/Editor/2020.3.3f1/Editor/Data/PlaybackEngines/WindowsStandaloneSupport/UnityEditor.WindowsStandalone.Extensions.dll
Registered in 0.004321 seconds.
Native extension for WindowsStandalone target not found
Native extension for WebGL target not found
Refreshing native plugins compatible for Editor in 56.60 ms, found 1 plugins.
Preloading 0 native plugins for Editor in 0.00 ms.
Invoked RoslynAnalysisRunner static constructor.
RoslynAnalysisRunner will not be running.
RoslynAnalysisRunner has terminated.
Mono: successfully reloaded assembly
- Completed reload, in  4.136 seconds
Platform modules already initialized, skipping
Registering precompiled user dll's ...
Registered in 0.002976 seconds.
Begin MonoManager ReloadAssembly
Native extension for WindowsStandalone target not found
Native extension for WebGL target not found
Refreshing native plugins compatible for Editor in 63.84 ms, found 1 plugins.
Preloading 0 native plugins for Editor in 0.00 ms.
Invoked RoslynAnalysisRunner static constructor.
RoslynAnalysisRunner will not be running.
RoslynAnalysisRunner has terminated.
Mono: successfully reloaded assembly
- Completed reload, in  1.496 seconds
Platform modules already initialized, skipping
========================================================================
Worker process is ready to serve import requests
Launched and connected shader compiler UnityShaderCompiler.exe after 0.07 seconds
Refreshing native plugins compatible for Editor in 0.49 ms, found 1 plugins.
Preloading 0 native plugins for Editor in 0.00 ms.
Unloading 1836 Unused Serialized files (Serialized files now loaded: 0)
System memory in use before: 105.1 MB.
System memory in use after: 105.2 MB.

Unloading 20 unused Assets to reduce memory usage. Loaded Objects now: 2311.
Total: 4.722349 ms (FindLiveObjects: 0.201130 ms CreateObjectMapping: 0.071746 ms MarkObjects: 4.413150 ms  DeleteObjects: 0.034822 ms)

========================================================================
Received Import Request.
  path: Assets/Scripts/Robo/Robo.cs
  artifactKey: Guid(6e53bf6ffc7ec574484bdeb7d2a5bf75) Importer(815301076,1909f56bfc062723c751e8b465ee728b)
Start importing Assets/Scripts/Robo/Robo.cs using Guid(6e53bf6ffc7ec574484bdeb7d2a5bf75) Importer(815301076,1909f56bfc062723c751e8b465ee728b)  -> (artifact id: '36748f66b5b8e23b115f73affab63a0b') in 0.145535 seconds
  Import took 0.174696 seconds .

========================================================================
Received Prepare
Registering precompiled user dll's ...
Registered in 0.003016 seconds.
Begin MonoManager ReloadAssembly
Native extension for WindowsStandalone target not found
Native extension for WebGL target not found
Refreshing native plugins compatible for Editor in 0.61 ms, found 1 plugins.
Preloading 0 native plugins for Editor in 0.00 ms.
Invoked RoslynAnalysisRunner static constructor.
RoslynAnalysisRunner will not be running.
RoslynAnalysisRunner has terminated.
Mono: successfully reloaded assembly
- Completed reload, in  1.201 seconds
Platform modules already initialized, skipping
Refreshing native plugins compatible for Editor in 0.51 ms, found 1 plugins.
Preloading 0 native plugins for Editor in 0.00 ms.
Unloading 1826 Unused Serialized files (Serialized files now loaded: 0)
System memory in use before: 104.6 MB.
System memory in use after: 104.7 MB.

Unloading 9 unused Assets to reduce memory usage. Loaded Objects now: 2315.
Total: 2.122671 ms (FindLiveObjects: 0.181317 ms CreateObjectMapping: 0.069945 ms MarkObjects: 1.851295 ms  DeleteObjects: 0.018312 ms)

========================================================================
Received Import Request.
  Time since last request: 110.670410 seconds.
  path: Assets/Prefabs/Robo.prefab
  artifactKey: Guid(c6dbae173807dfa4bad108547ff463de) Importer(815301076,1909f56bfc062723c751e8b465ee728b)
Start importing Assets/Prefabs/Robo.prefab using Guid(c6dbae173807dfa4bad108547ff463de) Importer(815301076,1909f56bfc062723c751e8b465ee728b)  -> (artifact id: 'f4b0d776ef42ac3f37321411c9645497') in 0.232494 seconds
  Import took 0.241057 seconds .

========================================================================
Received Prepare
Registering precompiled user dll's ...
Registered in 0.003246 seconds.
Begin MonoManager ReloadAssembly
Native extension for WindowsStandalone target not found
Native extension for WebGL target not found
Refreshing native plugins compatible for Editor in 0.51 ms, found 1 plugins.
Preloading 0 native plugins for Editor in 0.00 ms.
Invoked RoslynAnalysisRunner static constructor.
RoslynAnalysisRunner will not be running.
RoslynAnalysisRunner has terminated.
Mono: successfully reloaded assembly
- Completed reload, in  1.146 seconds
Platform modules already initialized, skipping
Refreshing native plugins compatible for Editor in 0.52 ms, found 1 plugins.
Preloading 0 native plugins for Editor in 0.00 ms.
Unloading 1826 Unused Serialized files (Serialized files now loaded: 0)
System memory in use before: 107.8 MB.
System memory in use after: 107.9 MB.

Unloading 9 unused Assets to reduce memory usage. Loaded Objects now: 2326.
Total: 2.218132 ms (FindLiveObjects: 0.184319 ms CreateObjectMapping: 0.067243 ms MarkObjects: 1.941354 ms  DeleteObjects: 0.023415 ms)

========================================================================
Received Prepare
Registering precompiled user dll's ...
Registered in 0.003308 seconds.
Begin MonoManager ReloadAssembly
Native extension for WindowsStandalone target not found
Native extension for WebGL target not found
Refreshing native plugins compatible for Editor in 0.52 ms, found 1 plugins.
Preloading 0 native plugins for Editor in 0.00 ms.
Invoked RoslynAnalysisRunner static constructor.
RoslynAnalysisRunner will not be running.
RoslynAnalysisRunner has terminated.
Mono: successfully reloaded assembly
- Completed reload, in  1.342 seconds
Platform modules already initialized, skipping
Refreshing native plugins compatible for Editor in 0.55 ms, found 1 plugins.
Preloading 0 native plugins for Editor in 0.00 ms.
Unloading 1826 Unused Serialized files (Serialized files now loaded: 0)
System memory in use before: 107.8 MB.
System memory in use after: 107.9 MB.

Unloading 9 unused Assets to reduce memory usage. Loaded Objects now: 2330.
Total: 3.632946 ms (FindLiveObjects: 0.337718 ms CreateObjectMapping: 0.089458 ms MarkObjects: 3.176351 ms  DeleteObjects: 0.026717 ms)

========================================================================
Received Prepare
Registering precompiled user dll's ...
Registered in 0.003077 seconds.
Begin MonoManager ReloadAssembly
Native extension for WindowsStandalone target not found
Native extension for WebGL target not found
Refreshing native plugins compatible for Editor in 0.54 ms, found 1 plugins.
Preloading 0 native plugins for Editor in 0.00 ms.
Invoked RoslynAnalysisRunner static constructor.
RoslynAnalysisRunner will not be running.
RoslynAnalysisRunner has terminated.
Mono: successfully reloaded assembly
- Completed reload, in  1.175 seconds
Platform modules already initialized, skipping
Refreshing native plugins compatible for Editor in 0.54 ms, found 1 plugins.
Preloading 0 native plugins for Editor in 0.00 ms.
Unloading 1826 Unused Serialized files (Serialized files now loaded: 0)
System memory in use before: 107.8 MB.
System memory in use after: 108.0 MB.

Unloading 9 unused Assets to reduce memory usage. Loaded Objects now: 2334.
Total: 2.193516 ms (FindLiveObjects: 0.183418 ms CreateObjectMapping: 0.067844 ms MarkObjects: 1.915837 ms  DeleteObjects: 0.024916 ms)

========================================================================
Received Prepare
Registering precompiled user dll's ...
Registered in 0.004051 seconds.
Begin MonoManager ReloadAssembly
Native extension for WindowsStandalone target not found
Native extension for WebGL target not found
Refreshing native plugins compatible for Editor in 0.55 ms, found 1 plugins.
Preloading 0 native plugins for Editor in 0.00 ms.
Invoked RoslynAnalysisRunner static constructor.
RoslynAnalysisRunner will not be running.
RoslynAnalysisRunner has terminated.
Mono: successfully reloaded assembly
- Completed reload, in  1.567 seconds
Platform modules already initialized, skipping
Refreshing native plugins compatible for Editor in 0.51 ms, found 1 plugins.
Preloading 0 native plugins for Editor in 0.00 ms.
Unloading 1826 Unused Serialized files (Serialized files now loaded: 0)
System memory in use before: 107.9 MB.
System memory in use after: 108.0 MB.

Unloading 9 unused Assets to reduce memory usage. Loaded Objects now: 2338.
Total: 2.155692 ms (FindLiveObjects: 0.188822 ms CreateObjectMapping: 0.068444 ms MarkObjects: 1.878013 ms  DeleteObjects: 0.018612 ms)

========================================================================
Received Import Request.
  Time since last request: 484.287826 seconds.
  path: Assets/Scripts/CheckPoint/CheckPointFlag.cs
  artifactKey: Guid(1beadfb869722394a8026190038416ce) Importer(815301076,1909f56bfc062723c751e8b465ee728b)
Start importing Assets/Scripts/CheckPoint/CheckPointFlag.cs using Guid(1beadfb869722394a8026190038416ce) Importer(815301076,1909f56bfc062723c751e8b465ee728b)  -> (artifact id: '9532a22dd4f607952cef9e3159e42394') in 0.044337 seconds
  Import took 0.052368 seconds .

========================================================================
Received Import Request.
  Time since last request: 264.723430 seconds.
  path: Assets/Scripts/CheckPoint/FlagRotation.cs
  artifactKey: Guid(174aa09fef70ca74b9cff273feb61210) Importer(815301076,1909f56bfc062723c751e8b465ee728b)
Start importing Assets/Scripts/CheckPoint/FlagRotation.cs using Guid(174aa09fef70ca74b9cff273feb61210) Importer(815301076,1909f56bfc062723c751e8b465ee728b)  -> (artifact id: '0375c973bd398308501430bd810f2b65') in 0.029765 seconds
  Import took 0.054967 seconds .

========================================================================
Received Import Request.
  Time since last request: 80.725442 seconds.
  path: Assets/Scripts/CheckPoint/Coin3D.cs
  artifactKey: Guid(7e74fa4e87efa3d46bafb1e66a674734) Importer(815301076,1909f56bfc062723c751e8b465ee728b)
Start importing Assets/Scripts/CheckPoint/Coin3D.cs using Guid(7e74fa4e87efa3d46bafb1e66a674734) Importer(815301076,1909f56bfc062723c751e8b465ee728b)  -> (artifact id: '1cb4815d64a4f280f29a0a649097ad2c') in 0.076881 seconds
  Import took 0.083980 seconds .

========================================================================
Received Prepare
Registering precompiled user dll's ...
Registered in 0.003464 seconds.
Begin MonoManager ReloadAssembly
Native extension for WindowsStandalone target not found
Native extension for WebGL target not found
Refreshing native plugins compatible for Editor in 0.54 ms, found 1 plugins.
Preloading 0 native plugins for Editor in 0.00 ms.
Invoked RoslynAnalysisRunner static constructor.
RoslynAnalysisRunner will not be running.
RoslynAnalysisRunner has terminated.
Mono: successfully reloaded assembly
- Completed reload, in  1.304 seconds
Platform modules already initialized, skipping
Refreshing native plugins compatible for Editor in 0.61 ms, found 1 plugins.
Preloading 0 native plugins for Editor in 0.00 ms.
Unloading 1827 Unused Serialized files (Serialized files now loaded: 0)
System memory in use before: 107.9 MB.
System memory in use after: 108.0 MB.

Unloading 9 unused Assets to reduce memory usage. Loaded Objects now: 2343.
Total: 4.496003 ms (FindLiveObjects: 0.582676 ms CreateObjectMapping: 0.147095 ms MarkObjects: 3.730809 ms  DeleteObjects: 0.033322 ms)

========================================================================
Received Prepare
Registering precompiled user dll's ...
Registered in 0.002959 seconds.
Begin MonoManager ReloadAssembly
Native extension for WindowsStandalone target not found
Native extension for WebGL target not found
Refreshing native plugins compatible for Editor in 0.51 ms, found 1 plugins.
Preloading 0 native plugins for Editor in 0.00 ms.
Invoked RoslynAnalysisRunner static constructor.
RoslynAnalysisRunner will not be running.
RoslynAnalysisRunner has terminated.
Mono: successfully reloaded assembly
- Completed reload, in  1.151 seconds
Platform modules already initialized, skipping
Refreshing native plugins compatible for Editor in 0.52 ms, found 1 plugins.
Preloading 0 native plugins for Editor in 0.00 ms.
Unloading 1827 Unused Serialized files (Serialized files now loaded: 0)
System memory in use before: 107.9 MB.
System memory in use after: 108.0 MB.

Unloading 9 unused Assets to reduce memory usage. Loaded Objects now: 2347.
Total: 2.249653 ms (FindLiveObjects: 0.185820 ms CreateObjectMapping: 0.081653 ms MarkObjects: 1.962667 ms  DeleteObjects: 0.018012 ms)

========================================================================
Received Import Request.
  Time since last request: 32.153562 seconds.
  path: Assets/Scripts/CheckPoint/Coin3D.cs
  artifactKey: Guid(7e74fa4e87efa3d46bafb1e66a674734) Importer(815301076,1909f56bfc062723c751e8b465ee728b)
Start importing Assets/Scripts/CheckPoint/Coin3D.cs using Guid(7e74fa4e87efa3d46bafb1e66a674734) Importer(815301076,1909f56bfc062723c751e8b465ee728b)  -> (artifact id: 'ff0223325ca6bcf01fc9b7abff2453ce') in 0.032280 seconds
  Import took 0.068087 seconds .

========================================================================
Received Import Request.
  Time since last request: 44.463187 seconds.
  path: Assets/Scripts/CheckPoint/CollectCheckPoints.cs
  artifactKey: Guid(e6cce8ec417479e4a97db323a5ba4418) Importer(815301076,1909f56bfc062723c751e8b465ee728b)
Start importing Assets/Scripts/CheckPoint/CollectCheckPoints.cs using Guid(e6cce8ec417479e4a97db323a5ba4418) Importer(815301076,1909f56bfc062723c751e8b465ee728b)  -> (artifact id: '74a4ea6a48905bd88fa6e48d2ce902ef') in 0.040267 seconds
  Import took 0.074162 seconds .

========================================================================
Received Prepare
Registering precompiled user dll's ...
Registered in 0.003671 seconds.
Begin MonoManager ReloadAssembly
Native extension for WindowsStandalone target not found
Native extension for WebGL target not found
Refreshing native plugins compatible for Editor in 0.76 ms, found 1 plugins.
Preloading 0 native plugins for Editor in 0.00 ms.
Invoked RoslynAnalysisRunner static constructor.
RoslynAnalysisRunner will not be running.
RoslynAnalysisRunner has terminated.
Mono: successfully reloaded assembly
- Completed reload, in  1.388 seconds
Platform modules already initialized, skipping
Refreshing native plugins compatible for Editor in 0.52 ms, found 1 plugins.
Preloading 0 native plugins for Editor in 0.00 ms.
Unloading 1827 Unused Serialized files (Serialized files now loaded: 0)
System memory in use before: 107.9 MB.
System memory in use after: 108.0 MB.

Unloading 9 unused Assets to reduce memory usage. Loaded Objects now: 2351.
Total: 2.132877 ms (FindLiveObjects: 0.205633 ms CreateObjectMapping: 0.067243 ms MarkObjects: 1.833284 ms  DeleteObjects: 0.017711 ms)

========================================================================
Received Prepare
Registering precompiled user dll's ...
Registered in 0.004045 seconds.
Begin MonoManager ReloadAssembly
Native extension for WindowsStandalone target not found
Native extension for WebGL target not found
Refreshing native plugins compatible for Editor in 0.52 ms, found 1 plugins.
Preloading 0 native plugins for Editor in 0.00 ms.
Invoked RoslynAnalysisRunner static constructor.
RoslynAnalysisRunner will not be running.
RoslynAnalysisRunner has terminated.
Mono: successfully reloaded assembly
- Completed reload, in  1.144 seconds
Platform modules already initialized, skipping
Refreshing native plugins compatible for Editor in 0.52 ms, found 1 plugins.
Preloading 0 native plugins for Editor in 0.00 ms.
Unloading 1827 Unused Serialized files (Serialized files now loaded: 0)
System memory in use before: 107.9 MB.
System memory in use after: 108.0 MB.

Unloading 9 unused Assets to reduce memory usage. Loaded Objects now: 2355.
Total: 2.608985 ms (FindLiveObjects: 0.212537 ms CreateObjectMapping: 0.078951 ms MarkObjects: 2.296783 ms  DeleteObjects: 0.019513 ms)

========================================================================
Received Import Request.
  Time since last request: 102.076981 seconds.
  path: Assets/Scripts/Coin/Coin.cs
  artifactKey: Guid(0167808370db0d34f9dc7471db8f4c49) Importer(815301076,1909f56bfc062723c751e8b465ee728b)
Start importing Assets/Scripts/Coin/Coin.cs using Guid(0167808370db0d34f9dc7471db8f4c49) Importer(815301076,1909f56bfc062723c751e8b465ee728b)  -> (artifact id: '7adb80e72f0c4e163230197164fdf5ac') in 0.031561 seconds
  Import took 0.040093 seconds .

========================================================================
Received Prepare
Registering precompiled user dll's ...
Registered in 0.003046 seconds.
Begin MonoManager ReloadAssembly
Native extension for WindowsStandalone target not found
Native extension for WebGL target not found
Refreshing native plugins compatible for Editor in 0.54 ms, found 1 plugins.
Preloading 0 native plugins for Editor in 0.00 ms.
Invoked RoslynAnalysisRunner static constructor.
RoslynAnalysisRunner will not be running.
RoslynAnalysisRunner has terminated.
Mono: successfully reloaded assembly
- Completed reload, in  1.163 seconds
Platform modules already initialized, skipping
Refreshing native plugins compatible for Editor in 0.51 ms, found 1 plugins.
Preloading 0 native plugins for Editor in 0.00 ms.
Unloading 1827 Unused Serialized files (Serialized files now loaded: 0)
System memory in use before: 107.9 MB.
System memory in use after: 108.0 MB.

Unloading 9 unused Assets to reduce memory usage. Loaded Objects now: 2359.
Total: 2.410556 ms (FindLiveObjects: 0.185220 ms CreateObjectMapping: 0.068144 ms MarkObjects: 2.126273 ms  DeleteObjects: 0.029719 ms)

========================================================================
Received Import Request.
  Time since last request: 112.635443 seconds.
  path: Assets/Scripts/Map/ReachDeathZone.cs
  artifactKey: Guid(f6a5c61f5fcaff54dba2eb65dff14523) Importer(815301076,1909f56bfc062723c751e8b465ee728b)
Start importing Assets/Scripts/Map/ReachDeathZone.cs using Guid(f6a5c61f5fcaff54dba2eb65dff14523) Importer(815301076,1909f56bfc062723c751e8b465ee728b)  -> (artifact id: 'cbf5849c845705dfafb794322469da5d') in 0.044036 seconds
  Import took 0.060407 seconds .

========================================================================
Received Prepare
Registering precompiled user dll's ...
Registered in 0.003498 seconds.
Begin MonoManager ReloadAssembly
Native extension for WindowsStandalone target not found
Native extension for WebGL target not found
Refreshing native plugins compatible for Editor in 0.54 ms, found 1 plugins.
Preloading 0 native plugins for Editor in 0.00 ms.
Invoked RoslynAnalysisRunner static constructor.
RoslynAnalysisRunner will not be running.
RoslynAnalysisRunner has terminated.
Mono: successfully reloaded assembly
- Completed reload, in  1.128 seconds
Platform modules already initialized, skipping
Refreshing native plugins compatible for Editor in 0.53 ms, found 1 plugins.
Preloading 0 native plugins for Editor in 0.00 ms.
Unloading 1827 Unused Serialized files (Serialized files now loaded: 0)
System memory in use before: 107.9 MB.
System memory in use after: 108.0 MB.

Unloading 9 unused Assets to reduce memory usage. Loaded Objects now: 2363.
Total: 2.145185 ms (FindLiveObjects: 0.187621 ms CreateObjectMapping: 0.070846 ms MarkObjects: 1.863904 ms  DeleteObjects: 0.021614 ms)

========================================================================
Received Import Request.
  Time since last request: 31.047435 seconds.
  path: Assets/Scripts/Map/ReachDeathZone.cs
  artifactKey: Guid(f6a5c61f5fcaff54dba2eb65dff14523) Importer(815301076,1909f56bfc062723c751e8b465ee728b)
Start importing Assets/Scripts/Map/ReachDeathZone.cs using Guid(f6a5c61f5fcaff54dba2eb65dff14523) Importer(815301076,1909f56bfc062723c751e8b465ee728b)  -> (artifact id: '10c08dc1e32de4c7e60717b384902e93') in 0.043571 seconds
  Import took 0.051424 seconds .

========================================================================
Received Import Request.
  Time since last request: 35.461909 seconds.
  path: Assets/Scripts/Robo/RoboAnimation.cs
  artifactKey: Guid(1b9ff852683718642b547c5f5fb792f9) Importer(815301076,1909f56bfc062723c751e8b465ee728b)
Start importing Assets/Scripts/Robo/RoboAnimation.cs using Guid(1b9ff852683718642b547c5f5fb792f9) Importer(815301076,1909f56bfc062723c751e8b465ee728b)  -> (artifact id: '87c856d3bb7efddb48c307ff981a78d5') in 0.040555 seconds
  Import took 0.057176 seconds .

========================================================================
Received Import Request.
  Time since last request: 10.623148 seconds.
  path: Assets/Scripts/Robo/RoboAudio.cs
  artifactKey: Guid(d3db1eb6d468be24582556975ed85c25) Importer(815301076,1909f56bfc062723c751e8b465ee728b)
Start importing Assets/Scripts/Robo/RoboAudio.cs using Guid(d3db1eb6d468be24582556975ed85c25) Importer(815301076,1909f56bfc062723c751e8b465ee728b)  -> (artifact id: '2f41430afba7ce40154b0070547ece64') in 0.041016 seconds
  Import took 0.052960 seconds .

========================================================================
Received Prepare
Registering precompiled user dll's ...
Registered in 0.002968 seconds.
Begin MonoManager ReloadAssembly
Native extension for WindowsStandalone target not found
Native extension for WebGL target not found
Refreshing native plugins compatible for Editor in 0.54 ms, found 1 plugins.
Preloading 0 native plugins for Editor in 0.00 ms.
Invoked RoslynAnalysisRunner static constructor.
RoslynAnalysisRunner will not be running.
RoslynAnalysisRunner has terminated.
Mono: successfully reloaded assembly
- Completed reload, in  1.225 seconds
Platform modules already initialized, skipping
Refreshing native plugins compatible for Editor in 0.63 ms, found 1 plugins.
Preloading 0 native plugins for Editor in 0.00 ms.
Unloading 1827 Unused Serialized files (Serialized files now loaded: 0)
System memory in use before: 107.9 MB.
System memory in use after: 108.0 MB.

Unloading 9 unused Assets to reduce memory usage. Loaded Objects now: 2367.
Total: 2.149388 ms (FindLiveObjects: 0.185820 ms CreateObjectMapping: 0.068744 ms MarkObjects: 1.869007 ms  DeleteObjects: 0.024316 ms)

========================================================================
Received Import Request.
  Time since last request: 76.305994 seconds.
  path: Assets/Scripts/Robo/RoboCollectingCoins.cs
  artifactKey: Guid(63b97f5803dd4fe44834aaf8c9a45358) Importer(815301076,1909f56bfc062723c751e8b465ee728b)
Start importing Assets/Scripts/Robo/RoboCollectingCoins.cs using Guid(63b97f5803dd4fe44834aaf8c9a45358) Importer(815301076,1909f56bfc062723c751e8b465ee728b)  -> (artifact id: 'f0d3ce6ad44693682fc8d9de17c74eb5') in 0.073801 seconds
  Import took 0.082967 seconds .

========================================================================
Received Import Request.
  Time since last request: 11.323742 seconds.
  path: Assets/Scripts/Robo/RoboInput.cs
  artifactKey: Guid(1e4fe393cbb63c547af0c1ffe6dc4cd5) Importer(815301076,1909f56bfc062723c751e8b465ee728b)
Start importing Assets/Scripts/Robo/RoboInput.cs using Guid(1e4fe393cbb63c547af0c1ffe6dc4cd5) Importer(815301076,1909f56bfc062723c751e8b465ee728b)  -> (artifact id: '91f1768bb506ea26420a5d22ec3bec86') in 0.042664 seconds
  Import took 0.059159 seconds .

========================================================================
Received Import Request.
  Time since last request: 0.008275 seconds.
  path: Assets/Scripts/Robo/RoboMovement.cs
  artifactKey: Guid(9de22b744bb54734d81b92583a0eb832) Importer(815301076,1909f56bfc062723c751e8b465ee728b)
Start importing Assets/Scripts/Robo/RoboMovement.cs using Guid(9de22b744bb54734d81b92583a0eb832) Importer(815301076,1909f56bfc062723c751e8b465ee728b)  -> (artifact id: '715f33ea33d4ce2d364a18113bb0b179') in 0.042027 seconds
  Import took 0.050478 seconds .

========================================================================
Received Prepare
Registering precompiled user dll's ...
Registered in 0.003141 seconds.
Begin MonoManager ReloadAssembly
Native extension for WindowsStandalone target not found
Native extension for WebGL target not found
Refreshing native plugins compatible for Editor in 1.36 ms, found 1 plugins.
Preloading 0 native plugins for Editor in 0.00 ms.
Invoked RoslynAnalysisRunner static constructor.
RoslynAnalysisRunner will not be running.
RoslynAnalysisRunner has terminated.
Mono: successfully reloaded assembly
- Completed reload, in  1.334 seconds
Platform modules already initialized, skipping
Refreshing native plugins compatible for Editor in 0.88 ms, found 1 plugins.
Preloading 0 native plugins for Editor in 0.00 ms.
Unloading 1827 Unused Serialized files (Serialized files now loaded: 0)
System memory in use before: 107.9 MB.
System memory in use after: 108.1 MB.

Unloading 9 unused Assets to reduce memory usage. Loaded Objects now: 2371.
Total: 2.418962 ms (FindLiveObjects: 0.478809 ms CreateObjectMapping: 0.133286 ms MarkObjects: 1.784052 ms  DeleteObjects: 0.020713 ms)

========================================================================
Received Import Request.
  Time since last request: 100.215097 seconds.
  path: Assets/Scripts/Robo/RoboMovement.cs
  artifactKey: Guid(9de22b744bb54734d81b92583a0eb832) Importer(815301076,1909f56bfc062723c751e8b465ee728b)
Start importing Assets/Scripts/Robo/RoboMovement.cs using Guid(9de22b744bb54734d81b92583a0eb832) Importer(815301076,1909f56bfc062723c751e8b465ee728b)  -> (artifact id: 'fd160fada443b5ba1cd6f573afa29ff4') in 0.046783 seconds
  Import took 0.055712 seconds .

========================================================================
Received Prepare
Registering precompiled user dll's ...
Registered in 0.003053 seconds.
Begin MonoManager ReloadAssembly
Native extension for WindowsStandalone target not found
Native extension for WebGL target not found
Refreshing native plugins compatible for Editor in 0.52 ms, found 1 plugins.
Preloading 0 native plugins for Editor in 0.00 ms.
Invoked RoslynAnalysisRunner static constructor.
RoslynAnalysisRunner will not be running.
RoslynAnalysisRunner has terminated.
Mono: successfully reloaded assembly
- Completed reload, in  1.237 seconds
Platform modules already initialized, skipping
Refreshing native plugins compatible for Editor in 0.60 ms, found 1 plugins.
Preloading 0 native plugins for Editor in 0.00 ms.
Unloading 1827 Unused Serialized files (Serialized files now loaded: 0)
System memory in use before: 107.9 MB.
System memory in use after: 108.1 MB.

Unloading 9 unused Assets to reduce memory usage. Loaded Objects now: 2375.
Total: 2.322600 ms (FindLiveObjects: 0.220042 ms CreateObjectMapping: 0.069945 ms MarkObjects: 2.010398 ms  DeleteObjects: 0.020713 ms)

========================================================================
Received Import Request.
  Time since last request: 48.086818 seconds.
  path: Assets/Scripts/Map/Enemy.cs
  artifactKey: Guid(5088dcfa9e2eeee4cb213e00f5cf4562) Importer(815301076,1909f56bfc062723c751e8b465ee728b)
Start importing Assets/Scripts/Map/Enemy.cs using Guid(5088dcfa9e2eeee4cb213e00f5cf4562) Importer(815301076,1909f56bfc062723c751e8b465ee728b)  -> (artifact id: 'b40234e1c5d5ec191434bb524cdb49f3') in 0.071299 seconds
  Import took 0.078722 seconds .

========================================================================
Received Prepare
Registering precompiled user dll's ...
Registered in 0.003247 seconds.
Begin MonoManager ReloadAssembly
Native extension for WindowsStandalone target not found
Native extension for WebGL target not found
Refreshing native plugins compatible for Editor in 0.73 ms, found 1 plugins.
Preloading 0 native plugins for Editor in 0.00 ms.
Invoked RoslynAnalysisRunner static constructor.
RoslynAnalysisRunner will not be running.
RoslynAnalysisRunner has terminated.
Mono: successfully reloaded assembly
- Completed reload, in  1.298 seconds
Platform modules already initialized, skipping
Refreshing native plugins compatible for Editor in 0.66 ms, found 1 plugins.
Preloading 0 native plugins for Editor in 0.00 ms.
Unloading 1827 Unused Serialized files (Serialized files now loaded: 0)
System memory in use before: 108.0 MB.
System memory in use after: 108.1 MB.

Unloading 9 unused Assets to reduce memory usage. Loaded Objects now: 2379.
Total: 2.312393 ms (FindLiveObjects: 0.197227 ms CreateObjectMapping: 0.071746 ms MarkObjects: 2.019704 ms  DeleteObjects: 0.022515 ms)

